<?xml version="1.0" encoding="UTF-8"?>
<!-- Generated by org.testng.reporters.JUnitReportReporter -->
<testsuite skipped="0" hostname="FA051053" name="tests.Gridtest" tests="1" failures="0" timestamp="12 Jun 2020 08:53:45 GMT" time="37.321" errors="0">
  <testcase name="Task3" time="37.321" classname="tests.Gridtest"/>
</testsuite> <!-- tests.Gridtest -->
