<?xml version="1.0" encoding="UTF-8"?>
<!-- Generated by org.testng.reporters.JUnitReportReporter -->
<testsuite skipped="0" hostname="FA051053" name="utils.GenericFunctions" tests="1" failures="0" timestamp="18 Jun 2020 16:12:03 GMT" time="0.336" errors="0">
  <testcase name="compareImage" time="0.336" classname="utils.GenericFunctions"/>
</testsuite> <!-- utils.GenericFunctions -->
