<?xml version="1.0" encoding="UTF-8"?>
<!-- Generated by org.testng.reporters.JUnitReportReporter -->
<testsuite skipped="0" hostname="FA051053" name="tests.ModernTestsV1" tests="3" failures="0" timestamp="05 Jul 2020 19:11:07 GMT" time="58.116" errors="0">
  <testcase name="task2_ShoppingExperienceTest" time="18.532" classname="tests.ModernTestsV1"/>
  <testcase name="task3_ProductDetailsTest" time="17.922" classname="tests.ModernTestsV1"/>
  <testcase name="task1_CrossDeviceElementsTest" time="21.662" classname="tests.ModernTestsV1"/>
</testsuite> <!-- tests.ModernTestsV1 -->
