<?xml version="1.0" encoding="UTF-8"?>
<!-- Generated by org.testng.reporters.JUnitReportReporter -->
<testsuite skipped="0" hostname="FA051053" name="tests.VisualAITests" tests="8" failures="0" timestamp="25 Nov 2019 13:57:46 GMT" time="248.995" errors="0">
  <testcase name="DataDrivenTest" time="34.085" classname="tests.VisualAITests"/>
  <testcase name="DynamicContentTest" time="30.426" classname="tests.VisualAITests"/>
  <testcase name="DataDrivenTest" time="26.143" classname="tests.VisualAITests"/>
  <testcase name="LoginPageUIElementsTest" time="19.853" classname="tests.VisualAITests"/>
  <testcase name="DataDrivenTest" time="24.640" classname="tests.VisualAITests"/>
  <testcase name="TableSortTest" time="41.241" classname="tests.VisualAITests"/>
  <testcase name="DataDrivenTest" time="24.316" classname="tests.VisualAITests"/>
  <testcase name="CanvasChartTest" time="48.291" classname="tests.VisualAITests"/>
</testsuite> <!-- tests.VisualAITests -->
