<?xml version="1.0" encoding="UTF-8"?>
<!-- Generated by org.testng.reporters.JUnitReportReporter -->
<testsuite skipped="0" hostname="FA051053" name="tests.ModernTestsV2" tests="3" failures="0" timestamp="05 Jul 2020 19:20:26 GMT" time="55.644" errors="0">
  <testcase name="task3_ProductDetailsTest" time="18.612" classname="tests.ModernTestsV2"/>
  <testcase name="task1_CrossDeviceElementsTest" time="21.926" classname="tests.ModernTestsV2"/>
  <testcase name="task2_ShoppingExperienceTest" time="15.106" classname="tests.ModernTestsV2"/>
</testsuite> <!-- tests.ModernTestsV2 -->
