<?xml version="1.0" encoding="UTF-8"?>
<!-- Generated by org.testng.reporters.JUnitReportReporter -->
<testsuite skipped="0" hostname="FA051053" name="tests.TraditionalTests" tests="7" failures="0" timestamp="05 Jul 2020 13:51:27 GMT" time="342.987" errors="0">
  <testcase name="task3_ProductDetailsTest" time="43.075" classname="tests.TraditionalTests"/>
  <testcase name="task3_ProductDetailsTest" time="60.750" classname="tests.TraditionalTests"/>
  <testcase name="task3_ProductDetailsTest" time="41.872" classname="tests.TraditionalTests"/>
  <testcase name="task3_ProductDetailsTest" time="45.651" classname="tests.TraditionalTests"/>
  <testcase name="task3_ProductDetailsTest" time="45.209" classname="tests.TraditionalTests"/>
  <testcase name="task3_ProductDetailsTest" time="46.341" classname="tests.TraditionalTests"/>
  <testcase name="task3_ProductDetailsTest" time="60.089" classname="tests.TraditionalTests"/>
</testsuite> <!-- tests.TraditionalTests -->
