<?xml version="1.0" encoding="UTF-8"?>
<!-- Generated by org.testng.reporters.JUnitReportReporter -->
<testsuite skipped="0" hostname="FA051053" name="tests.TraditionalTestsV1" tests="7" failures="0" timestamp="05 Jul 2020 16:36:48 GMT" time="335.259" errors="0">
  <testcase name="task3_ProductDetailsTest" time="46.987" classname="tests.TraditionalTestsV1"/>
  <testcase name="task3_ProductDetailsTest" time="63.615" classname="tests.TraditionalTestsV1"/>
  <testcase name="task3_ProductDetailsTest" time="35.265" classname="tests.TraditionalTestsV1"/>
  <testcase name="task3_ProductDetailsTest" time="60.838" classname="tests.TraditionalTestsV1"/>
  <testcase name="task3_ProductDetailsTest" time="52.312" classname="tests.TraditionalTestsV1"/>
  <testcase name="task3_ProductDetailsTest" time="37.849" classname="tests.TraditionalTestsV1"/>
  <testcase name="task3_ProductDetailsTest" time="38.393" classname="tests.TraditionalTestsV1"/>
</testsuite> <!-- tests.TraditionalTestsV1 -->
